<?xml version="1.0" encoding="UTF-8"?>
<!-- Generated by org.testng.reporters.JUnitReportReporter -->
<testsuite hostname="DESKTOP-3VV3VJ3" failures="0" tests="1" name="runnerScripts.Testcase" time="16.908" errors="0" timestamp="2024-12-02T12:17:17 IST" skipped="0">
  <testcase classname="runnerScripts.Testcase" name="Login" time="16.908"/>
  <system-out/>
</testsuite> <!-- runnerScripts.Testcase -->
